<?xml version="1.0" encoding="UTF-8"?>
<testsuite xmlns:xsi="http://www.w3.org/2001/XMLSchema-instance" xsi:noNamespaceSchemaLocation="https://maven.apache.org/surefire/maven-surefire-plugin/xsd/surefire-test-report.xsd" name="org.seckill.dao.SucessKillTest" time="0.075" tests="2" errors="0" skipped="0" failures="0">
  <properties>
[...]
</properties>
  <testcase name="insertSuccessKilled" classname="org.seckill.dao.SucessKillTest" time="0.011"/>
  <testcase name="queryByIdWithSeckill" classname="org.seckill.dao.SucessKillTest" time="0.012"/>
</testsuite>